current directory: /home/runner/work/lesson-example/lesson-example/.vendor/bundle/ruby/2.7.0/gems/commonmarker-0.23.6/ext/commonmarker
/opt/hostedtoolcache/Ruby/2.7.6/x64/bin/ruby -I /opt/hostedtoolcache/Ruby/2.7.6/x64/lib/ruby/2.7.0 -r ./siteconf20221020-3519-vckxkm.rb extconf.rb
creating Makefile

current directory: /home/runner/work/lesson-example/lesson-example/.vendor/bundle/ruby/2.7.0/gems/commonmarker-0.23.6/ext/commonmarker
make "DESTDIR=" clean
make[1]: Entering directory '/home/runner/work/lesson-example/lesson-example/.vendor/bundle/ruby/2.7.0/gems/commonmarker-0.23.6/ext/commonmarker'
Makefile:175: warning: overriding recipe for target 'clean'
†ê r'V:175: warning: ignoring old recipe for target 'clean'
Makefile:182: warning: overriding recipe for target 'distclean'
†ê r'V:182: warning: ignoring old recipe for target 'distclean'
Makefile:190: warning: overriding recipe for target 'install-so'
†ê r'V:190: warning: ignoring old recipe for target 'install-so'
Makefile:200: warning: overriding recipe for target 'pre-install-rb-default'
†ê r'V:200: warning: ignoring old recipe for target 'pre-install-rb-default'
Makefile:202: warning: overriding recipe for target '.sitearchdir.-.commonmarker.time'
†ê r'V:202: warning: ignoring old recipe for target '.sitearchdir.-.commonmarker.time'
Makefile:212: warning: overriding recipe for target '.cc.o'
†ê r'V:212: warning: ignoring old recipe for target '.cc.o'
Makefile:216: warning: overriding recipe for target '.cc.S'
†ê r'V:216: warning: ignoring old recipe for target '.cc.S'
Makefile:220: warning: overriding recipe for target '.mm.o'
†ê r'V:220: warning: ignoring old recipe for target '.mm.o'
Makefile:224: warning: overriding recipe for target '.mm.S'
†ê r'V:224: warning: ignoring old recipe for target '.mm.S'
Makefile:228: warning: overriding recipe for target '.cxx.o'
†ê r'V:228: warning: ignoring old recipe for target '.cxx.o'
Makefile:232: warning: overriding recipe for target '.cxx.S'
†ê r'V:232: warning: ignoring old recipe for target '.cxx.S'
Makefile:236: warning: overriding recipe for target '.cpp.o'
†ê r'V:236: warning: ignoring old recipe for target '.cpp.o'
Makefile:240: warning: overriding recipe for target '.cpp.S'
†ê r'V:240: warning: ignoring old recipe for target '.cpp.S'
Makefile:244: warning: overriding recipe for target '.c.o'
†ê r'V:244: warning: ignoring old recipe for target '.c.o'
Makefile:248: warning: overriding recipe for target '.c.S'
†ê r'V:248: warning: ignoring old recipe for target '.c.S'
Makefile:252: warning: overriding recipe for target '.m.o'
†ê r'V:252: warning: ignoring old recipe for target '.m.o'
Makefile:256: warning: overriding recipe for target '.m.S'
†ê r'V:256: warning: ignoring old recipe for target '.m.S'
Makefile:260: warning: overriding recipe for target 'commonmarker.so'
†ê r'V:260: warning: ignoring old recipe for target 'commonmarker.so'
make[1]: Leaving directory '/home/runner/work/lesson-example/lesson-example/.vendor/bundle/ruby/2.7.0/gems/commonmarker-0.23.6/ext/commonmarker'

current directory: /home/runner/work/lesson-example/lesson-example/.vendor/bundle/ruby/2.7.0/gems/commonmarker-0.23.6/ext/commonmarker
make "DESTDIR="
make[1]: Entering directory '/home/runner/work/lesson-example/lesson-example/.vendor/bundle/ruby/2.7.0/gems/commonmarker-0.23.6/ext/commonmarker'
Makefile:175: warning: overriding recipe for target 'clean'
†Ä˘≠çU:175: warning: ignoring old recipe for target 'clean'
Makefile:182: warning: overriding recipe for target 'distclean'
†Ä˘≠çU:182: warning: ignoring old recipe for target 'distclean'
Makefile:190: warning: overriding recipe for target 'install-so'
†Ä˘≠çU:190: warning: ignoring old recipe for target 'install-so'
Makefile:200: warning: overriding recipe for target 'pre-install-rb-default'
†Ä˘≠çU:200: warning: ignoring old recipe for target 'pre-install-rb-default'
Makefile:202: warning: overriding recipe for target '.sitearchdir.-.commonmarker.time'
†Ä˘≠çU:202: warning: ignoring old recipe for target '.sitearchdir.-.commonmarker.time'
Makefile:212: warning: overriding recipe for target '.cc.o'
†Ä˘≠çU:212: warning: ignoring old recipe for target '.cc.o'
Makefile:216: warning: overriding recipe for target '.cc.S'
†Ä˘≠çU:216: warning: ignoring old recipe for target '.cc.S'
Makefile:220: warning: overriding recipe for target '.mm.o'
†Ä˘≠çU:220: warning: ignoring old recipe for target '.mm.o'
Makefile:224: warning: overriding recipe for target '.mm.S'
†Ä˘≠çU:224: warning: ignoring old recipe for target '.mm.S'
Makefile:228: warning: overriding recipe for target '.cxx.o'
†Ä˘≠çU:228: warning: ignoring old recipe for target '.cxx.o'
Makefile:232: warning: overriding recipe for target '.cxx.S'
†Ä˘≠çU:232: warning: ignoring old recipe for target '.cxx.S'
Makefile:236: warning: overriding recipe for target '.cpp.o'
†Ä˘≠çU:236: warning: ignoring old recipe for target '.cpp.o'
Makefile:240: warning: overriding recipe for target '.cpp.S'
†Ä˘≠çU:240: warning: ignoring old recipe for target '.cpp.S'
Makefile:244: warning: overriding recipe for target '.c.o'
†Ä˘≠çU:244: warning: ignoring old recipe for target '.c.o'
Makefile:248: warning: overriding recipe for target '.c.S'
†Ä˘≠çU:248: warning: ignoring old recipe for target '.c.S'
Makefile:252: warning: overriding recipe for target '.m.o'
†Ä˘≠çU:252: warning: ignoring old recipe for target '.m.o'
Makefile:256: warning: overriding recipe for target '.m.S'
†Ä˘≠çU:256: warning: ignoring old recipe for target '.m.S'
Makefile:260: warning: overriding recipe for target 'commonmarker.so'
†Ä˘≠çU:260: warning: ignoring old recipe for target 'commonmarker.so'
compiling arena.c
compiling autolink.c
compiling blocks.c
compiling buffer.c
compiling cmark.c
compiling cmark_ctype.c
compiling commonmark.c
compiling commonmarker.c
In file included from houdini.h:9,
                 from commonmarker.c:3:
config.h:8: warning: "HAVE_STDBOOL_H" redefined
    8 | #define HAVE_STDBOOL_H
      | 
In file included from /opt/hostedtoolcache/Ruby/2.7.6/x64/include/ruby-2.7.0/ruby/ruby.h:24,
                 from /opt/hostedtoolcache/Ruby/2.7.6/x64/include/ruby-2.7.0/ruby.h:33,
                 from commonmarker.h:9,
                 from commonmarker.c:1:
/opt/hostedtoolcache/Ruby/2.7.6/x64/include/ruby-2.7.0/x86_64-linux/ruby/config.h:26: note: this is the location of the previous definition
   26 | #define HAVE_STDBOOL_H 1
      | 
compiling core-extensions.c
compiling ext_scanners.c
compiling footnotes.c
compiling houdini_href_e.c
compiling houdini_html_e.c
compiling houdini_html_u.c
compiling html.c
compiling inlines.c
compiling iterator.c
compiling latex.c
compiling linked_list.c
compiling man.c
compiling map.c
compiling node.c
compiling plaintext.c
compiling plugin.c
compiling references.c
compiling registry.c
compiling render.c
compiling scanners.c
compiling strikethrough.c
compiling syntax_extension.c
compiling table.c
compiling tagfilter.c
compiling tasklist.c
compiling utf8.c
compiling xml.c
linking shared-object commonmarker/commonmarker.so
make[1]: Leaving directory '/home/runner/work/lesson-example/lesson-example/.vendor/bundle/ruby/2.7.0/gems/commonmarker-0.23.6/ext/commonmarker'

current directory: /home/runner/work/lesson-example/lesson-example/.vendor/bundle/ruby/2.7.0/gems/commonmarker-0.23.6/ext/commonmarker
make "DESTDIR=" install
make[1]: Entering directory '/home/runner/work/lesson-example/lesson-example/.vendor/bundle/ruby/2.7.0/gems/commonmarker-0.23.6/ext/commonmarker'
Makefile:175: warning: overriding recipe for target 'clean'
†PèºåU:175: warning: ignoring old recipe for target 'clean'
Makefile:182: warning: overriding recipe for target 'distclean'
†PèºåU:182: warning: ignoring old recipe for target 'distclean'
Makefile:190: warning: overriding recipe for target 'install-so'
†PèºåU:190: warning: ignoring old recipe for target 'install-so'
Makefile:200: warning: overriding recipe for target 'pre-install-rb-default'
†PèºåU:200: warning: ignoring old recipe for target 'pre-install-rb-default'
Makefile:202: warning: overriding recipe for target '.sitearchdir.-.commonmarker.time'
†PèºåU:202: warning: ignoring old recipe for target '.sitearchdir.-.commonmarker.time'
Makefile:212: warning: overriding recipe for target '.cc.o'
†PèºåU:212: warning: ignoring old recipe for target '.cc.o'
Makefile:216: warning: overriding recipe for target '.cc.S'
†PèºåU:216: warning: ignoring old recipe for target '.cc.S'
Makefile:220: warning: overriding recipe for target '.mm.o'
†PèºåU:220: warning: ignoring old recipe for target '.mm.o'
Makefile:224: warning: overriding recipe for target '.mm.S'
†PèºåU:224: warning: ignoring old recipe for target '.mm.S'
Makefile:228: warning: overriding recipe for target '.cxx.o'
†PèºåU:228: warning: ignoring old recipe for target '.cxx.o'
Makefile:232: warning: overriding recipe for target '.cxx.S'
†PèºåU:232: warning: ignoring old recipe for target '.cxx.S'
Makefile:236: warning: overriding recipe for target '.cpp.o'
†PèºåU:236: warning: ignoring old recipe for target '.cpp.o'
Makefile:240: warning: overriding recipe for target '.cpp.S'
†PèºåU:240: warning: ignoring old recipe for target '.cpp.S'
Makefile:244: warning: overriding recipe for target '.c.o'
†PèºåU:244: warning: ignoring old recipe for target '.c.o'
Makefile:248: warning: overriding recipe for target '.c.S'
†PèºåU:248: warning: ignoring old recipe for target '.c.S'
Makefile:252: warning: overriding recipe for target '.m.o'
†PèºåU:252: warning: ignoring old recipe for target '.m.o'
Makefile:256: warning: overriding recipe for target '.m.S'
†PèºåU:256: warning: ignoring old recipe for target '.m.S'
Makefile:260: warning: overriding recipe for target 'commonmarker.so'
†PèºåU:260: warning: ignoring old recipe for target 'commonmarker.so'
/usr/bin/install -c -m 0755 commonmarker.so ./.gem.20221020-3519-1ioqlvk/commonmarker
make[1]: Leaving directory '/home/runner/work/lesson-example/lesson-example/.vendor/bundle/ruby/2.7.0/gems/commonmarker-0.23.6/ext/commonmarker'
