have_func: checking for rb_enc_interned_str() in ruby.h... -------------------- yes

"gcc -o conftest -I/opt/hostedtoolcache/Ruby/3.0.7/x64/include/ruby-3.0.0/x86_64-linux -I/opt/hostedtoolcache/Ruby/3.0.7/x64/include/ruby-3.0.0/ruby/backward -I/opt/hostedtoolcache/Ruby/3.0.7/x64/include/ruby-3.0.0 -I. -DENABLE_PATH_CHECK=0   -O3 -ggdb3 -Wall -Wextra -Wdeprecated-declarations -Wduplicated-cond -Wimplicit-function-declaration -Wimplicit-int -Wmisleading-indentation -Wpointer-arith -Wwrite-strings -Wimplicit-fallthrough=0 -Wmissing-noreturn -Wno-cast-function-type -Wno-constant-logical-operand -Wno-long-long -Wno-missing-field-initializers -Wno-overlength-strings -Wno-packed-bitfield-compat -Wno-parentheses-equality -Wno-self-assign -Wno-tautological-compare -Wno-unused-parameter -Wno-unused-value -Wsuggest-attribute=format -Wsuggest-attribute=noreturn -Wunused-variable  -fPIC conftest.c  -L. -L/opt/hostedtoolcache/Ruby/3.0.7/x64/lib -Wl,-rpath,/opt/hostedtoolcache/Ruby/3.0.7/x64/lib -L. -fstack-protector-strong -rdynamic -Wl,-export-dynamic -Wl,--no-as-needed     -Wl,-rpath,/opt/hostedtoolcache/Ruby/3.0.7/x64/lib -L/opt/hostedtoolcache/Ruby/3.0.7/x64/lib -lruby  -lm   -lc"
checked program was:
/* begin */
1: #include "ruby.h"
2: 
3: int main(int argc, char **argv)
4: {
5:   return !!argv[argc];
6: }
/* end */

"gcc -o conftest -I/opt/hostedtoolcache/Ruby/3.0.7/x64/include/ruby-3.0.0/x86_64-linux -I/opt/hostedtoolcache/Ruby/3.0.7/x64/include/ruby-3.0.0/ruby/backward -I/opt/hostedtoolcache/Ruby/3.0.7/x64/include/ruby-3.0.0 -I. -DENABLE_PATH_CHECK=0   -O3 -ggdb3 -Wall -Wextra -Wdeprecated-declarations -Wduplicated-cond -Wimplicit-function-declaration -Wimplicit-int -Wmisleading-indentation -Wpointer-arith -Wwrite-strings -Wimplicit-fallthrough=0 -Wmissing-noreturn -Wno-cast-function-type -Wno-constant-logical-operand -Wno-long-long -Wno-missing-field-initializers -Wno-overlength-strings -Wno-packed-bitfield-compat -Wno-parentheses-equality -Wno-self-assign -Wno-tautological-compare -Wno-unused-parameter -Wno-unused-value -Wsuggest-attribute=format -Wsuggest-attribute=noreturn -Wunused-variable  -fPIC conftest.c  -L. -L/opt/hostedtoolcache/Ruby/3.0.7/x64/lib -Wl,-rpath,/opt/hostedtoolcache/Ruby/3.0.7/x64/lib -L. -fstack-protector-strong -rdynamic -Wl,-export-dynamic -Wl,--no-as-needed     -Wl,-rpath,/opt/hostedtoolcache/Ruby/3.0.7/x64/lib -L/opt/hostedtoolcache/Ruby/3.0.7/x64/lib -lruby  -lm   -lc"
conftest.c: In function ‘t’:
conftest.c:16:57: error: ‘rb_enc_interned_str’ undeclared (first use in this function); did you mean ‘rb_interned_str’?
   16 | int t(void) { void ((*volatile p)()); p = (void ((*)()))rb_enc_interned_str; return !p; }
      |                                                         ^~~~~~~~~~~~~~~~~~~
      |                                                         rb_interned_str
conftest.c:16:57: note: each undeclared identifier is reported only once for each function it appears in
conftest.c: At top level:
cc1: warning: unrecognized command line option ‘-Wno-self-assign’
cc1: warning: unrecognized command line option ‘-Wno-parentheses-equality’
cc1: warning: unrecognized command line option ‘-Wno-constant-logical-operand’
checked program was:
/* begin */
 1: #include "ruby.h"
 2: 
 3: #include <ruby.h>
 4: 
 5: /*top*/
 6: extern int t(void);
 7: int main(int argc, char **argv)
 8: {
 9:   if (argc > 1000000) {
10:     int (* volatile tp)(void)=(int (*)(void))&t;
11:     printf("%d", (*tp)());
12:   }
13: 
14:   return !!argv[argc];
15: }
16: int t(void) { void ((*volatile p)()); p = (void ((*)()))rb_enc_interned_str; return !p; }
/* end */

"gcc -o conftest -I/opt/hostedtoolcache/Ruby/3.0.7/x64/include/ruby-3.0.0/x86_64-linux -I/opt/hostedtoolcache/Ruby/3.0.7/x64/include/ruby-3.0.0/ruby/backward -I/opt/hostedtoolcache/Ruby/3.0.7/x64/include/ruby-3.0.0 -I. -DENABLE_PATH_CHECK=0   -O3 -ggdb3 -Wall -Wextra -Wdeprecated-declarations -Wduplicated-cond -Wimplicit-function-declaration -Wimplicit-int -Wmisleading-indentation -Wpointer-arith -Wwrite-strings -Wimplicit-fallthrough=0 -Wmissing-noreturn -Wno-cast-function-type -Wno-constant-logical-operand -Wno-long-long -Wno-missing-field-initializers -Wno-overlength-strings -Wno-packed-bitfield-compat -Wno-parentheses-equality -Wno-self-assign -Wno-tautological-compare -Wno-unused-parameter -Wno-unused-value -Wsuggest-attribute=format -Wsuggest-attribute=noreturn -Wunused-variable  -fPIC conftest.c  -L. -L/opt/hostedtoolcache/Ruby/3.0.7/x64/lib -Wl,-rpath,/opt/hostedtoolcache/Ruby/3.0.7/x64/lib -L. -fstack-protector-strong -rdynamic -Wl,-export-dynamic -Wl,--no-as-needed     -Wl,-rpath,/opt/hostedtoolcache/Ruby/3.0.7/x64/lib -L/opt/hostedtoolcache/Ruby/3.0.7/x64/lib -lruby  -lm   -lc"
checked program was:
/* begin */
 1: #include "ruby.h"
 2: 
 3: #include <ruby.h>
 4: 
 5: /*top*/
 6: extern int t(void);
 7: int main(int argc, char **argv)
 8: {
 9:   if (argc > 1000000) {
10:     int (* volatile tp)(void)=(int (*)(void))&t;
11:     printf("%d", (*tp)());
12:   }
13: 
14:   return !!argv[argc];
15: }
16: extern void rb_enc_interned_str();
17: int t(void) { rb_enc_interned_str(); return 0; }
/* end */

--------------------

have_func: checking for rb_hash_new_capa() in ruby.h... -------------------- no

"gcc -o conftest -I/opt/hostedtoolcache/Ruby/3.0.7/x64/include/ruby-3.0.0/x86_64-linux -I/opt/hostedtoolcache/Ruby/3.0.7/x64/include/ruby-3.0.0/ruby/backward -I/opt/hostedtoolcache/Ruby/3.0.7/x64/include/ruby-3.0.0 -I. -DENABLE_PATH_CHECK=0   -O3 -ggdb3 -Wall -Wextra -Wdeprecated-declarations -Wduplicated-cond -Wimplicit-function-declaration -Wimplicit-int -Wmisleading-indentation -Wpointer-arith -Wwrite-strings -Wimplicit-fallthrough=0 -Wmissing-noreturn -Wno-cast-function-type -Wno-constant-logical-operand -Wno-long-long -Wno-missing-field-initializers -Wno-overlength-strings -Wno-packed-bitfield-compat -Wno-parentheses-equality -Wno-self-assign -Wno-tautological-compare -Wno-unused-parameter -Wno-unused-value -Wsuggest-attribute=format -Wsuggest-attribute=noreturn -Wunused-variable  -fPIC conftest.c  -L. -L/opt/hostedtoolcache/Ruby/3.0.7/x64/lib -Wl,-rpath,/opt/hostedtoolcache/Ruby/3.0.7/x64/lib -L. -fstack-protector-strong -rdynamic -Wl,-export-dynamic -Wl,--no-as-needed     -Wl,-rpath,/opt/hostedtoolcache/Ruby/3.0.7/x64/lib -L/opt/hostedtoolcache/Ruby/3.0.7/x64/lib -lruby  -lm   -lc"
conftest.c: In function ‘t’:
conftest.c:16:57: error: ‘rb_hash_new_capa’ undeclared (first use in this function); did you mean ‘rb_ary_new_capa’?
   16 | int t(void) { void ((*volatile p)()); p = (void ((*)()))rb_hash_new_capa; return !p; }
      |                                                         ^~~~~~~~~~~~~~~~
      |                                                         rb_ary_new_capa
conftest.c:16:57: note: each undeclared identifier is reported only once for each function it appears in
conftest.c: At top level:
cc1: warning: unrecognized command line option ‘-Wno-self-assign’
cc1: warning: unrecognized command line option ‘-Wno-parentheses-equality’
cc1: warning: unrecognized command line option ‘-Wno-constant-logical-operand’
checked program was:
/* begin */
 1: #include "ruby.h"
 2: 
 3: #include <ruby.h>
 4: 
 5: /*top*/
 6: extern int t(void);
 7: int main(int argc, char **argv)
 8: {
 9:   if (argc > 1000000) {
10:     int (* volatile tp)(void)=(int (*)(void))&t;
11:     printf("%d", (*tp)());
12:   }
13: 
14:   return !!argv[argc];
15: }
16: int t(void) { void ((*volatile p)()); p = (void ((*)()))rb_hash_new_capa; return !p; }
/* end */

"gcc -o conftest -I/opt/hostedtoolcache/Ruby/3.0.7/x64/include/ruby-3.0.0/x86_64-linux -I/opt/hostedtoolcache/Ruby/3.0.7/x64/include/ruby-3.0.0/ruby/backward -I/opt/hostedtoolcache/Ruby/3.0.7/x64/include/ruby-3.0.0 -I. -DENABLE_PATH_CHECK=0   -O3 -ggdb3 -Wall -Wextra -Wdeprecated-declarations -Wduplicated-cond -Wimplicit-function-declaration -Wimplicit-int -Wmisleading-indentation -Wpointer-arith -Wwrite-strings -Wimplicit-fallthrough=0 -Wmissing-noreturn -Wno-cast-function-type -Wno-constant-logical-operand -Wno-long-long -Wno-missing-field-initializers -Wno-overlength-strings -Wno-packed-bitfield-compat -Wno-parentheses-equality -Wno-self-assign -Wno-tautological-compare -Wno-unused-parameter -Wno-unused-value -Wsuggest-attribute=format -Wsuggest-attribute=noreturn -Wunused-variable  -fPIC conftest.c  -L. -L/opt/hostedtoolcache/Ruby/3.0.7/x64/lib -Wl,-rpath,/opt/hostedtoolcache/Ruby/3.0.7/x64/lib -L. -fstack-protector-strong -rdynamic -Wl,-export-dynamic -Wl,--no-as-needed     -Wl,-rpath,/opt/hostedtoolcache/Ruby/3.0.7/x64/lib -L/opt/hostedtoolcache/Ruby/3.0.7/x64/lib -lruby  -lm   -lc"
/usr/bin/ld: /tmp/ccpIRyxk.o: in function `t':
/home/runner/work/lesson-example/lesson-example/.vendor/bundle/ruby/3.0.0/gems/json-2.9.1/ext/json/ext/parser/conftest.c:17: undefined reference to `rb_hash_new_capa'
collect2: error: ld returned 1 exit status
checked program was:
/* begin */
 1: #include "ruby.h"
 2: 
 3: #include <ruby.h>
 4: 
 5: /*top*/
 6: extern int t(void);
 7: int main(int argc, char **argv)
 8: {
 9:   if (argc > 1000000) {
10:     int (* volatile tp)(void)=(int (*)(void))&t;
11:     printf("%d", (*tp)());
12:   }
13: 
14:   return !!argv[argc];
15: }
16: extern void rb_hash_new_capa();
17: int t(void) { rb_hash_new_capa(); return 0; }
/* end */

--------------------

have_func: checking for rb_hash_bulk_insert() in ruby.h... -------------------- yes

"gcc -o conftest -I/opt/hostedtoolcache/Ruby/3.0.7/x64/include/ruby-3.0.0/x86_64-linux -I/opt/hostedtoolcache/Ruby/3.0.7/x64/include/ruby-3.0.0/ruby/backward -I/opt/hostedtoolcache/Ruby/3.0.7/x64/include/ruby-3.0.0 -I. -DENABLE_PATH_CHECK=0   -O3 -ggdb3 -Wall -Wextra -Wdeprecated-declarations -Wduplicated-cond -Wimplicit-function-declaration -Wimplicit-int -Wmisleading-indentation -Wpointer-arith -Wwrite-strings -Wimplicit-fallthrough=0 -Wmissing-noreturn -Wno-cast-function-type -Wno-constant-logical-operand -Wno-long-long -Wno-missing-field-initializers -Wno-overlength-strings -Wno-packed-bitfield-compat -Wno-parentheses-equality -Wno-self-assign -Wno-tautological-compare -Wno-unused-parameter -Wno-unused-value -Wsuggest-attribute=format -Wsuggest-attribute=noreturn -Wunused-variable  -fPIC conftest.c  -L. -L/opt/hostedtoolcache/Ruby/3.0.7/x64/lib -Wl,-rpath,/opt/hostedtoolcache/Ruby/3.0.7/x64/lib -L. -fstack-protector-strong -rdynamic -Wl,-export-dynamic -Wl,--no-as-needed     -Wl,-rpath,/opt/hostedtoolcache/Ruby/3.0.7/x64/lib -L/opt/hostedtoolcache/Ruby/3.0.7/x64/lib -lruby  -lm   -lc"
checked program was:
/* begin */
 1: #include "ruby.h"
 2: 
 3: #include <ruby.h>
 4: 
 5: /*top*/
 6: extern int t(void);
 7: int main(int argc, char **argv)
 8: {
 9:   if (argc > 1000000) {
10:     int (* volatile tp)(void)=(int (*)(void))&t;
11:     printf("%d", (*tp)());
12:   }
13: 
14:   return !!argv[argc];
15: }
16: int t(void) { void ((*volatile p)()); p = (void ((*)()))rb_hash_bulk_insert; return !p; }
/* end */

--------------------

have_func: checking for rb_category_warn() in ruby.h... -------------------- yes

"gcc -o conftest -I/opt/hostedtoolcache/Ruby/3.0.7/x64/include/ruby-3.0.0/x86_64-linux -I/opt/hostedtoolcache/Ruby/3.0.7/x64/include/ruby-3.0.0/ruby/backward -I/opt/hostedtoolcache/Ruby/3.0.7/x64/include/ruby-3.0.0 -I. -DENABLE_PATH_CHECK=0   -O3 -ggdb3 -Wall -Wextra -Wdeprecated-declarations -Wduplicated-cond -Wimplicit-function-declaration -Wimplicit-int -Wmisleading-indentation -Wpointer-arith -Wwrite-strings -Wimplicit-fallthrough=0 -Wmissing-noreturn -Wno-cast-function-type -Wno-constant-logical-operand -Wno-long-long -Wno-missing-field-initializers -Wno-overlength-strings -Wno-packed-bitfield-compat -Wno-parentheses-equality -Wno-self-assign -Wno-tautological-compare -Wno-unused-parameter -Wno-unused-value -Wsuggest-attribute=format -Wsuggest-attribute=noreturn -Wunused-variable  -fPIC conftest.c  -L. -L/opt/hostedtoolcache/Ruby/3.0.7/x64/lib -Wl,-rpath,/opt/hostedtoolcache/Ruby/3.0.7/x64/lib -L. -fstack-protector-strong -rdynamic -Wl,-export-dynamic -Wl,--no-as-needed     -Wl,-rpath,/opt/hostedtoolcache/Ruby/3.0.7/x64/lib -L/opt/hostedtoolcache/Ruby/3.0.7/x64/lib -lruby  -lm   -lc"
checked program was:
/* begin */
 1: #include "ruby.h"
 2: 
 3: #include <ruby.h>
 4: 
 5: /*top*/
 6: extern int t(void);
 7: int main(int argc, char **argv)
 8: {
 9:   if (argc > 1000000) {
10:     int (* volatile tp)(void)=(int (*)(void))&t;
11:     printf("%d", (*tp)());
12:   }
13: 
14:   return !!argv[argc];
15: }
16: int t(void) { void ((*volatile p)()); p = (void ((*)()))rb_category_warn; return !p; }
/* end */

--------------------

have_func: checking for strnlen() in string.h... -------------------- yes

"gcc -o conftest -I/opt/hostedtoolcache/Ruby/3.0.7/x64/include/ruby-3.0.0/x86_64-linux -I/opt/hostedtoolcache/Ruby/3.0.7/x64/include/ruby-3.0.0/ruby/backward -I/opt/hostedtoolcache/Ruby/3.0.7/x64/include/ruby-3.0.0 -I. -DENABLE_PATH_CHECK=0   -O3 -ggdb3 -Wall -Wextra -Wdeprecated-declarations -Wduplicated-cond -Wimplicit-function-declaration -Wimplicit-int -Wmisleading-indentation -Wpointer-arith -Wwrite-strings -Wimplicit-fallthrough=0 -Wmissing-noreturn -Wno-cast-function-type -Wno-constant-logical-operand -Wno-long-long -Wno-missing-field-initializers -Wno-overlength-strings -Wno-packed-bitfield-compat -Wno-parentheses-equality -Wno-self-assign -Wno-tautological-compare -Wno-unused-parameter -Wno-unused-value -Wsuggest-attribute=format -Wsuggest-attribute=noreturn -Wunused-variable  -fPIC conftest.c  -L. -L/opt/hostedtoolcache/Ruby/3.0.7/x64/lib -Wl,-rpath,/opt/hostedtoolcache/Ruby/3.0.7/x64/lib -L. -fstack-protector-strong -rdynamic -Wl,-export-dynamic -Wl,--no-as-needed     -Wl,-rpath,/opt/hostedtoolcache/Ruby/3.0.7/x64/lib -L/opt/hostedtoolcache/Ruby/3.0.7/x64/lib -lruby  -lm   -lc"
checked program was:
/* begin */
 1: #include "ruby.h"
 2: 
 3: #include <string.h>
 4: 
 5: /*top*/
 6: extern int t(void);
 7: int main(int argc, char **argv)
 8: {
 9:   if (argc > 1000000) {
10:     int (* volatile tp)(void)=(int (*)(void))&t;
11:     printf("%d", (*tp)());
12:   }
13: 
14:   return !!argv[argc];
15: }
16: int t(void) { void ((*volatile p)()); p = (void ((*)()))strnlen; return !p; }
/* end */

--------------------

block in append_cflags: checking for whether -std=c99 is accepted as CFLAGS... -------------------- yes

"gcc -I/opt/hostedtoolcache/Ruby/3.0.7/x64/include/ruby-3.0.0/x86_64-linux -I/opt/hostedtoolcache/Ruby/3.0.7/x64/include/ruby-3.0.0/ruby/backward -I/opt/hostedtoolcache/Ruby/3.0.7/x64/include/ruby-3.0.0 -I. -DENABLE_PATH_CHECK=0   -O3 -ggdb3 -Wall -Wextra -Wdeprecated-declarations -Wduplicated-cond -Wimplicit-function-declaration -Wimplicit-int -Wmisleading-indentation -Wpointer-arith -Wwrite-strings -Wimplicit-fallthrough=0 -Wmissing-noreturn -Wno-cast-function-type -Wno-constant-logical-operand -Wno-long-long -Wno-missing-field-initializers -Wno-overlength-strings -Wno-packed-bitfield-compat -Wno-parentheses-equality -Wno-self-assign -Wno-tautological-compare -Wno-unused-parameter -Wno-unused-value -Wsuggest-attribute=format -Wsuggest-attribute=noreturn -Wunused-variable  -fPIC  -std=c99 -Werror -c conftest.c"
checked program was:
/* begin */
1: #include "ruby.h"
2: 
3: int main(int argc, char **argv)
4: {
5:   return !!argv[argc];
6: }
/* end */

--------------------

